1599609925199	geckodriver	INFO	Listening on 127.0.0.1:51094
1599610411166	geckodriver	INFO	Listening on 127.0.0.1:51267
1599610414280	mozrunner::runner	INFO	Running command: "C:\\Program Files\\Mozilla Firefox\\firefox.exe" "--marionette" "-foreground" "-no-remote" "-profile" "C:\\Users\\LUCAS~1.LUC\\AppData\\Local\\Temp\\rust_mozprofile3zAQe1"
console.error: SearchCache: "_readCacheFile: Error reading cache file:" (new Error("", "(unknown module)"))
JavaScript error: resource://gre/modules/XULStore.jsm, line 66: Error: Can't find profile directory.
1599610423796	Marionette	INFO	Listening on port 51275
1599610424320	Marionette	WARN	TLS certificate errors will be ignored for this session
[Parent 4968, Gecko_IOThread] WARNING: file /builds/worker/checkouts/gecko/ipc/chromium/src/base/process_util_win.cc, line 166
1599610438210	Marionette	INFO	Stopped listening on port 51275

###!!! [Child][RunMessage] Error: Channel closing: too late to send/recv, messages will be lost


###!!! [Child][MessageChannel::SendAndWait] Error: Channel error: cannot send/recv

1599610471986	geckodriver	INFO	Listening on 127.0.0.1:51336
1599610475007	mozrunner::runner	INFO	Running command: "C:\\Program Files\\Mozilla Firefox\\firefox.exe" "--marionette" "-foreground" "-no-remote" "-profile" "C:\\Users\\LUCAS~1.LUC\\AppData\\Local\\Temp\\rust_mozprofileNEiINZ"
JavaScript error: resource://gre/modules/XULStore.jsm, line 66: Error: Can't find profile directory.
console.error: SearchCache: "_readCacheFile: Error reading cache file:" (new Error("", "(unknown module)"))
1599610483182	Marionette	INFO	Listening on port 51344
1599610483478	Marionette	WARN	TLS certificate errors will be ignored for this session
1599610497593	Marionette	INFO	Stopped listening on port 51344
JavaScript error: resource://gre/modules/UrlClassifierListManager.jsm, line 691: TypeError: this.tablesData[table] is undefined

###!!! [Child][RunMessage] Error: Channel closing: too late to send/recv, messages will be lost


###!!! [Child][RunMessage] Error: Channel closing: too late to send/recv, messages will be lost

[Parent 7624, Gecko_IOThread] WARNING: pipe error: 232: file /builds/worker/checkouts/gecko/ipc/chromium/src/chrome/common/ipc_channel_win.cc, line 545
1599611396433	geckodriver	INFO	Listening on 127.0.0.1:51674
1599611399358	mozrunner::runner	INFO	Running command: "C:\\Program Files\\Mozilla Firefox\\firefox.exe" "--marionette" "-foreground" "-no-remote" "-profile" "C:\\Users\\LUCAS~1.LUC\\AppData\\Local\\Temp\\rust_mozprofileCsZ5QE"
console.error: SearchCache: "_readCacheFile: Error reading cache file:" (new Error("", "(unknown module)"))
JavaScript error: resource://gre/modules/XULStore.jsm, line 66: Error: Can't find profile directory.
1599611408225	Marionette	INFO	Listening on port 51685
1599611408384	Marionette	WARN	TLS certificate errors will be ignored for this session
JavaScript error: https://estatisticasdamegasena.com.br/megasena/estatisticas, line 315: SyntaxError: missing } after function body
JavaScript note: https://estatisticasdamegasena.com.br/megasena/estatisticas, line 315: { opened at line 315, column 28
JavaScript error: https://estatisticasdamegasena.com.br/megasena/estatisticas, line 322: SyntaxError: expected expression, got '}'
JavaScript error: https://estatisticasdamegasena.com.br/megasena/estatisticas, line 277: ReferenceError: prettyPrint is not defined
JavaScript error: https://estatisticasdamegasena.com.br/site/conf/vendor/morrisjs/morris.min.js, line 6: Error: Graph container element not found
1599611433311	Marionette	INFO	Stopped listening on port 51685

###!!! [Child][RunMessage] Error: Channel closing: too late to send/recv, messages will be lost

1599611713199	geckodriver	INFO	Listening on 127.0.0.1:52018
1599611716176	mozrunner::runner	INFO	Running command: "C:\\Program Files\\Mozilla Firefox\\firefox.exe" "--marionette" "-foreground" "-no-remote" "-profile" "C:\\Users\\LUCAS~1.LUC\\AppData\\Local\\Temp\\rust_mozprofileLd0sVX"
JavaScript error: resource://gre/modules/XULStore.jsm, line 66: Error: Can't find profile directory.
console.error: SearchCache: "_readCacheFile: Error reading cache file:" (new Error("", "(unknown module)"))
1599611726582	Marionette	INFO	Listening on port 52033
1599611726844	Marionette	WARN	TLS certificate errors will be ignored for this session
JavaScript error: https://estatisticasdamegasena.com.br/megasena/estatisticas, line 315: SyntaxError: missing } after function body
JavaScript note: https://estatisticasdamegasena.com.br/megasena/estatisticas, line 315: { opened at line 315, column 28
JavaScript error: https://estatisticasdamegasena.com.br/megasena/estatisticas, line 322: SyntaxError: expected expression, got '}'
JavaScript error: https://estatisticasdamegasena.com.br/megasena/estatisticas, line 277: ReferenceError: prettyPrint is not defined
JavaScript error: https://estatisticasdamegasena.com.br/site/conf/vendor/morrisjs/morris.min.js, line 6: Error: Graph container element not found

###!!! [Child][RunMessage] Error: Channel closing: too late to send/recv, messages will be lost

[Parent 1020, Gecko_IOThread] WARNING: pipe error: 232: file /builds/worker/checkouts/gecko/ipc/chromium/src/chrome/common/ipc_channel_win.cc, line 545
[Parent 1020, Gecko_IOThread] WARNING: file /builds/worker/checkouts/gecko/ipc/chromium/src/base/process_util_win.cc, line 166
[Parent 1020, Gecko_IOThread] WARNING: file /builds/worker/checkouts/gecko/ipc/chromium/src/base/process_util_win.cc, line 166
1599611838735	Marionette	INFO	Stopped listening on port 52033

###!!! [Child][RunMessage] Error: Channel closing: too late to send/recv, messages will be lost

1599611851332	geckodriver	INFO	Listening on 127.0.0.1:52227
1599611854278	mozrunner::runner	INFO	Running command: "C:\\Program Files\\Mozilla Firefox\\firefox.exe" "--marionette" "-foreground" "-no-remote" "-profile" "C:\\Users\\LUCAS~1.LUC\\AppData\\Local\\Temp\\rust_mozprofileRoffAL"
JavaScript error: resource://gre/modules/XULStore.jsm, line 66: Error: Can't find profile directory.
console.error: SearchCache: "_readCacheFile: Error reading cache file:" (new Error("", "(unknown module)"))
1599611861051	Marionette	INFO	Listening on port 52239
1599611861129	Marionette	WARN	TLS certificate errors will be ignored for this session
JavaScript error: https://estatisticasdamegasena.com.br/megasena/estatisticas, line 315: SyntaxError: missing } after function body
JavaScript note: https://estatisticasdamegasena.com.br/megasena/estatisticas, line 315: { opened at line 315, column 28
JavaScript error: https://estatisticasdamegasena.com.br/megasena/estatisticas, line 322: SyntaxError: expected expression, got '}'
JavaScript error: https://estatisticasdamegasena.com.br/megasena/estatisticas, line 277: ReferenceError: prettyPrint is not defined
JavaScript error: https://estatisticasdamegasena.com.br/site/conf/vendor/morrisjs/morris.min.js, line 6: Error: Graph container element not found
1599611880399	Marionette	INFO	Stopped listening on port 52239

###!!! [Child][RunMessage] Error: Channel closing: too late to send/recv, messages will be lost


###!!! [Child][MessageChannel::SendAndWait] Error: Channel error: cannot send/recv

1599612101149	geckodriver	INFO	Listening on 127.0.0.1:52521
1599612104102	mozrunner::runner	INFO	Running command: "C:\\Program Files\\Mozilla Firefox\\firefox.exe" "--marionette" "-foreground" "-no-remote" "-profile" "C:\\Users\\LUCAS~1.LUC\\AppData\\Local\\Temp\\rust_mozprofileJ9h6DN"
console.error: SearchCache: "_readCacheFile: Error reading cache file:" (new Error("", "(unknown module)"))
JavaScript error: resource://gre/modules/XULStore.jsm, line 66: Error: Can't find profile directory.
1599612111929	Marionette	INFO	Listening on port 52532
1599612112181	Marionette	WARN	TLS certificate errors will be ignored for this session
JavaScript error: https://estatisticasdamegasena.com.br/megasena/estatisticas, line 315: SyntaxError: missing } after function body
JavaScript note: https://estatisticasdamegasena.com.br/megasena/estatisticas, line 315: { opened at line 315, column 28
JavaScript error: https://estatisticasdamegasena.com.br/megasena/estatisticas, line 322: SyntaxError: expected expression, got '}'
JavaScript error: https://estatisticasdamegasena.com.br/megasena/estatisticas, line 277: ReferenceError: prettyPrint is not defined
JavaScript error: https://estatisticasdamegasena.com.br/site/conf/vendor/morrisjs/morris.min.js, line 6: Error: Graph container element not found
1599612129598	Marionette	INFO	Stopped listening on port 52532
[Parent 7260, Gecko_IOThread] WARNING: pipe error: 232: file /builds/worker/checkouts/gecko/ipc/chromium/src/chrome/common/ipc_channel_win.cc, line 545
[Parent 7260, Gecko_IOThread] WARNING: pipe error: 232: file /builds/worker/checkouts/gecko/ipc/chromium/src/chrome/common/ipc_channel_win.cc, line 545
[Parent 7260, Gecko_IOThread] WARNING: file /builds/worker/checkouts/gecko/ipc/chromium/src/base/process_util_win.cc, line 166
[Parent 7260, Gecko_IOThread] WARNING: file /builds/worker/checkouts/gecko/ipc/chromium/src/base/process_util_win.cc, line 166

###!!! [Child][RunMessage] Error: Channel closing: too late to send/recv, messages will be lost


###!!! [Child][MessageChannel::SendAndWait] Error: Channel error: cannot send/recv

1599612169939	geckodriver	INFO	Listening on 127.0.0.1:52645
1599612172887	mozrunner::runner	INFO	Running command: "C:\\Program Files\\Mozilla Firefox\\firefox.exe" "--marionette" "-foreground" "-no-remote" "-profile" "C:\\Users\\LUCAS~1.LUC\\AppData\\Local\\Temp\\rust_mozprofileIlX03J"
1599612205229	geckodriver	INFO	Listening on 127.0.0.1:52694
1599612208331	mozrunner::runner	INFO	Running command: "C:\\Program Files\\Mozilla Firefox\\firefox.exe" "--marionette" "-foreground" "-no-remote" "-profile" "C:\\Users\\LUCAS~1.LUC\\AppData\\Local\\Temp\\rust_mozprofileA8SQu0"
JavaScript error: resource://gre/modules/XULStore.jsm, line 66: Error: Can't find profile directory.
console.error: SearchCache: "_readCacheFile: Error reading cache file:" (new Error("", "(unknown module)"))
1599612215773	Marionette	INFO	Listening on port 52704
1599612216066	Marionette	WARN	TLS certificate errors will be ignored for this session
JavaScript error: https://estatisticasdamegasena.com.br/megasena/estatisticas, line 315: SyntaxError: missing } after function body
JavaScript note: https://estatisticasdamegasena.com.br/megasena/estatisticas, line 315: { opened at line 315, column 28
JavaScript error: https://estatisticasdamegasena.com.br/megasena/estatisticas, line 322: SyntaxError: expected expression, got '}'
JavaScript error: https://estatisticasdamegasena.com.br/megasena/estatisticas, line 277: ReferenceError: prettyPrint is not defined
JavaScript error: https://estatisticasdamegasena.com.br/site/conf/vendor/morrisjs/morris.min.js, line 6: Error: Graph container element not found
1599612233485	Marionette	INFO	Stopped listening on port 52704

###!!! [Child][RunMessage] Error: Channel closing: too late to send/recv, messages will be lost


###!!! [Child][RunMessage] Error: Channel closing: too late to send/recv, messages will be lost


###!!! [Child][RunMessage] Error: Channel closing: too late to send/recv, messages will be lost

1599612699144	geckodriver	INFO	Listening on 127.0.0.1:53191
1599612702121	mozrunner::runner	INFO	Running command: "C:\\Program Files\\Mozilla Firefox\\firefox.exe" "--marionette" "-foreground" "-no-remote" "-profile" "C:\\Users\\LUCAS~1.LUC\\AppData\\Local\\Temp\\rust_mozprofileRPS29d"
JavaScript error: resource://gre/modules/XULStore.jsm, line 66: Error: Can't find profile directory.
console.error: SearchCache: "_readCacheFile: Error reading cache file:" (new Error("", "(unknown module)"))
1599612709227	Marionette	INFO	Listening on port 53199
1599612709471	Marionette	WARN	TLS certificate errors will be ignored for this session
JavaScript error: https://estatisticasdamegasena.com.br/megasena/estatisticas, line 315: SyntaxError: missing } after function body
JavaScript note: https://estatisticasdamegasena.com.br/megasena/estatisticas, line 315: { opened at line 315, column 28
JavaScript error: https://estatisticasdamegasena.com.br/megasena/estatisticas, line 322: SyntaxError: expected expression, got '}'
JavaScript error: https://estatisticasdamegasena.com.br/megasena/estatisticas, line 277: ReferenceError: prettyPrint is not defined
JavaScript error: https://estatisticasdamegasena.com.br/site/conf/vendor/morrisjs/morris.min.js, line 6: Error: Graph container element not found
1599612727261	Marionette	INFO	Stopped listening on port 53199

###!!! [Child][RunMessage] Error: Channel closing: too late to send/recv, messages will be lost

1599614520638	geckodriver	INFO	Listening on 127.0.0.1:54390
1599614523676	mozrunner::runner	INFO	Running command: "C:\\Program Files\\Mozilla Firefox\\firefox.exe" "--marionette" "-foreground" "-no-remote" "-profile" "C:\\Users\\LUCAS~1.LUC\\AppData\\Local\\Temp\\rust_mozprofilesCI9JL"
JavaScript error: resource://gre/modules/XULStore.jsm, line 66: Error: Can't find profile directory.
console.error: SearchCache: "_readCacheFile: Error reading cache file:" (new Error("", "(unknown module)"))
1599614531208	Marionette	INFO	Listening on port 54400
1599614531506	Marionette	WARN	TLS certificate errors will be ignored for this session
JavaScript error: https://estatisticasdamegasena.com.br/megasena/estatisticas, line 315: SyntaxError: missing } after function body
JavaScript note: https://estatisticasdamegasena.com.br/megasena/estatisticas, line 315: { opened at line 315, column 28
JavaScript error: https://estatisticasdamegasena.com.br/megasena/estatisticas, line 322: SyntaxError: expected expression, got '}'
JavaScript error: https://estatisticasdamegasena.com.br/megasena/estatisticas, line 277: ReferenceError: prettyPrint is not defined
JavaScript error: https://estatisticasdamegasena.com.br/site/conf/vendor/morrisjs/morris.min.js, line 6: Error: Graph container element not found
1599614548181	Marionette	INFO	Stopped listening on port 54400
[Parent 6328, Gecko_IOThread] WARNING: file /builds/worker/checkouts/gecko/ipc/chromium/src/base/process_util_win.cc, line 166

###!!! [Child][RunMessage] Error: Channel closing: too late to send/recv, messages will be lost


###!!! [Child][MessageChannel::SendAndWait] Error: Channel error: cannot send/recv

1599614612696	geckodriver	INFO	Listening on 127.0.0.1:54539
1599614615730	mozrunner::runner	INFO	Running command: "C:\\Program Files\\Mozilla Firefox\\firefox.exe" "--marionette" "-foreground" "-no-remote" "-profile" "C:\\Users\\LUCAS~1.LUC\\AppData\\Local\\Temp\\rust_mozprofile2kPXwm"
console.error: SearchCache: "_readCacheFile: Error reading cache file:" (new Error("", "(unknown module)"))
JavaScript error: resource://gre/modules/XULStore.jsm, line 66: Error: Can't find profile directory.
1599614622289	Marionette	INFO	Listening on port 54549
1599614622332	Marionette	WARN	TLS certificate errors will be ignored for this session
JavaScript error: https://estatisticasdamegasena.com.br/megasena/estatisticas, line 315: SyntaxError: missing } after function body
JavaScript note: https://estatisticasdamegasena.com.br/megasena/estatisticas, line 315: { opened at line 315, column 28
JavaScript error: https://estatisticasdamegasena.com.br/megasena/estatisticas, line 322: SyntaxError: expected expression, got '}'
JavaScript error: https://estatisticasdamegasena.com.br/megasena/estatisticas, line 277: ReferenceError: prettyPrint is not defined
JavaScript error: https://estatisticasdamegasena.com.br/site/conf/vendor/morrisjs/morris.min.js, line 6: Error: Graph container element not found
1599614638848	Marionette	INFO	Stopped listening on port 54549

###!!! [Child][RunMessage] Error: Channel closing: too late to send/recv, messages will be lost

